zcat /usr/users/9/brenocon/s/sem/gigaword_5_anno/data/apw_eng_199411.xml.gz | python2.7 annogw2json.py justsent > /usr/users/9/brenocon/s/sem/gigaword_5_anno/data/apw_eng_199411.justsent
zcat /usr/users/9/brenocon/s/sem/gigaword_5_anno/data/apw_eng_199412.xml.gz | python2.7 annogw2json.py justsent > /usr/users/9/brenocon/s/sem/gigaword_5_anno/data/apw_eng_199412.justsent
zcat /usr/users/9/brenocon/s/sem/gigaword_5_anno/data/apw_eng_199501.xml.gz | python2.7 annogw2json.py justsent > /usr/users/9/brenocon/s/sem/gigaword_5_anno/data/apw_eng_199501.justsent
zcat /usr/users/9/brenocon/s/sem/gigaword_5_anno/data/apw_eng_199502.xml.gz | python2.7 annogw2json.py justsent > /usr/users/9/brenocon/s/sem/gigaword_5_anno/data/apw_eng_199502.justsent
zcat /usr/users/9/brenocon/s/sem/gigaword_5_anno/data/apw_eng_199503.xml.gz | python2.7 annogw2json.py justsent > /usr/users/9/brenocon/s/sem/gigaword_5_anno/data/apw_eng_199503.justsent
zcat /usr/users/9/brenocon/s/sem/gigaword_5_anno/data/apw_eng_199504.xml.gz | python2.7 annogw2json.py justsent > /usr/users/9/brenocon/s/sem/gigaword_5_anno/data/apw_eng_199504.justsent
zcat /usr/users/9/brenocon/s/sem/gigaword_5_anno/data/apw_eng_199505.xml.gz | python2.7 annogw2json.py justsent > /usr/users/9/brenocon/s/sem/gigaword_5_anno/data/apw_eng_199505.justsent
zcat /usr/users/9/brenocon/s/sem/gigaword_5_anno/data/apw_eng_199506.xml.gz | python2.7 annogw2json.py justsent > /usr/users/9/brenocon/s/sem/gigaword_5_anno/data/apw_eng_199506.justsent
zcat /usr/users/9/brenocon/s/sem/gigaword_5_anno/data/apw_eng_199507.xml.gz | python2.7 annogw2json.py justsent > /usr/users/9/brenocon/s/sem/gigaword_5_anno/data/apw_eng_199507.justsent
zcat /usr/users/9/brenocon/s/sem/gigaword_5_anno/data/apw_eng_199508.xml.gz | python2.7 annogw2json.py justsent > /usr/users/9/brenocon/s/sem/gigaword_5_anno/data/apw_eng_199508.justsent
zcat /usr/users/9/brenocon/s/sem/gigaword_5_anno/data/apw_eng_199509.xml.gz | python2.7 annogw2json.py justsent > /usr/users/9/brenocon/s/sem/gigaword_5_anno/data/apw_eng_199509.justsent
zcat /usr/users/9/brenocon/s/sem/gigaword_5_anno/data/apw_eng_199510.xml.gz | python2.7 annogw2json.py justsent > /usr/users/9/brenocon/s/sem/gigaword_5_anno/data/apw_eng_199510.justsent
zcat /usr/users/9/brenocon/s/sem/gigaword_5_anno/data/apw_eng_199511.xml.gz | python2.7 annogw2json.py justsent > /usr/users/9/brenocon/s/sem/gigaword_5_anno/data/apw_eng_199511.justsent
zcat /usr/users/9/brenocon/s/sem/gigaword_5_anno/data/apw_eng_199512.xml.gz | python2.7 annogw2json.py justsent > /usr/users/9/brenocon/s/sem/gigaword_5_anno/data/apw_eng_199512.justsent
zcat /usr/users/9/brenocon/s/sem/gigaword_5_anno/data/apw_eng_199601.xml.gz | python2.7 annogw2json.py justsent > /usr/users/9/brenocon/s/sem/gigaword_5_anno/data/apw_eng_199601.justsent
zcat /usr/users/9/brenocon/s/sem/gigaword_5_anno/data/apw_eng_199602.xml.gz | python2.7 annogw2json.py justsent > /usr/users/9/brenocon/s/sem/gigaword_5_anno/data/apw_eng_199602.justsent
zcat /usr/users/9/brenocon/s/sem/gigaword_5_anno/data/apw_eng_199603.xml.gz | python2.7 annogw2json.py justsent > /usr/users/9/brenocon/s/sem/gigaword_5_anno/data/apw_eng_199603.justsent
zcat /usr/users/9/brenocon/s/sem/gigaword_5_anno/data/apw_eng_199604.xml.gz | python2.7 annogw2json.py justsent > /usr/users/9/brenocon/s/sem/gigaword_5_anno/data/apw_eng_199604.justsent
zcat /usr/users/9/brenocon/s/sem/gigaword_5_anno/data/apw_eng_199605.xml.gz | python2.7 annogw2json.py justsent > /usr/users/9/brenocon/s/sem/gigaword_5_anno/data/apw_eng_199605.justsent
zcat /usr/users/9/brenocon/s/sem/gigaword_5_anno/data/apw_eng_199606.xml.gz | python2.7 annogw2json.py justsent > /usr/users/9/brenocon/s/sem/gigaword_5_anno/data/apw_eng_199606.justsent
zcat /usr/users/9/brenocon/s/sem/gigaword_5_anno/data/apw_eng_199607.xml.gz | python2.7 annogw2json.py justsent > /usr/users/9/brenocon/s/sem/gigaword_5_anno/data/apw_eng_199607.justsent
zcat /usr/users/9/brenocon/s/sem/gigaword_5_anno/data/apw_eng_199608.xml.gz | python2.7 annogw2json.py justsent > /usr/users/9/brenocon/s/sem/gigaword_5_anno/data/apw_eng_199608.justsent
zcat /usr/users/9/brenocon/s/sem/gigaword_5_anno/data/apw_eng_199609.xml.gz | python2.7 annogw2json.py justsent > /usr/users/9/brenocon/s/sem/gigaword_5_anno/data/apw_eng_199609.justsent
zcat /usr/users/9/brenocon/s/sem/gigaword_5_anno/data/apw_eng_199610.xml.gz | python2.7 annogw2json.py justsent > /usr/users/9/brenocon/s/sem/gigaword_5_anno/data/apw_eng_199610.justsent
zcat /usr/users/9/brenocon/s/sem/gigaword_5_anno/data/apw_eng_199611.xml.gz | python2.7 annogw2json.py justsent > /usr/users/9/brenocon/s/sem/gigaword_5_anno/data/apw_eng_199611.justsent
zcat /usr/users/9/brenocon/s/sem/gigaword_5_anno/data/apw_eng_199612.xml.gz | python2.7 annogw2json.py justsent > /usr/users/9/brenocon/s/sem/gigaword_5_anno/data/apw_eng_199612.justsent
zcat /usr/users/9/brenocon/s/sem/gigaword_5_anno/data/apw_eng_199701.xml.gz | python2.7 annogw2json.py justsent > /usr/users/9/brenocon/s/sem/gigaword_5_anno/data/apw_eng_199701.justsent
zcat /usr/users/9/brenocon/s/sem/gigaword_5_anno/data/apw_eng_199702.xml.gz | python2.7 annogw2json.py justsent > /usr/users/9/brenocon/s/sem/gigaword_5_anno/data/apw_eng_199702.justsent
zcat /usr/users/9/brenocon/s/sem/gigaword_5_anno/data/apw_eng_199703.xml.gz | python2.7 annogw2json.py justsent > /usr/users/9/brenocon/s/sem/gigaword_5_anno/data/apw_eng_199703.justsent
zcat /usr/users/9/brenocon/s/sem/gigaword_5_anno/data/apw_eng_199704.xml.gz | python2.7 annogw2json.py justsent > /usr/users/9/brenocon/s/sem/gigaword_5_anno/data/apw_eng_199704.justsent
zcat /usr/users/9/brenocon/s/sem/gigaword_5_anno/data/apw_eng_199705.xml.gz | python2.7 annogw2json.py justsent > /usr/users/9/brenocon/s/sem/gigaword_5_anno/data/apw_eng_199705.justsent
zcat /usr/users/9/brenocon/s/sem/gigaword_5_anno/data/apw_eng_199706.xml.gz | python2.7 annogw2json.py justsent > /usr/users/9/brenocon/s/sem/gigaword_5_anno/data/apw_eng_199706.justsent
zcat /usr/users/9/brenocon/s/sem/gigaword_5_anno/data/apw_eng_199707.xml.gz | python2.7 annogw2json.py justsent > /usr/users/9/brenocon/s/sem/gigaword_5_anno/data/apw_eng_199707.justsent
zcat /usr/users/9/brenocon/s/sem/gigaword_5_anno/data/apw_eng_199708.xml.gz | python2.7 annogw2json.py justsent > /usr/users/9/brenocon/s/sem/gigaword_5_anno/data/apw_eng_199708.justsent
zcat /usr/users/9/brenocon/s/sem/gigaword_5_anno/data/apw_eng_199709.xml.gz | python2.7 annogw2json.py justsent > /usr/users/9/brenocon/s/sem/gigaword_5_anno/data/apw_eng_199709.justsent
zcat /usr/users/9/brenocon/s/sem/gigaword_5_anno/data/apw_eng_199710.xml.gz | python2.7 annogw2json.py justsent > /usr/users/9/brenocon/s/sem/gigaword_5_anno/data/apw_eng_199710.justsent
zcat /usr/users/9/brenocon/s/sem/gigaword_5_anno/data/apw_eng_199711.xml.gz | python2.7 annogw2json.py justsent > /usr/users/9/brenocon/s/sem/gigaword_5_anno/data/apw_eng_199711.justsent
zcat /usr/users/9/brenocon/s/sem/gigaword_5_anno/data/apw_eng_199712.xml.gz | python2.7 annogw2json.py justsent > /usr/users/9/brenocon/s/sem/gigaword_5_anno/data/apw_eng_199712.justsent
zcat /usr/users/9/brenocon/s/sem/gigaword_5_anno/data/apw_eng_199801.xml.gz | python2.7 annogw2json.py justsent > /usr/users/9/brenocon/s/sem/gigaword_5_anno/data/apw_eng_199801.justsent
zcat /usr/users/9/brenocon/s/sem/gigaword_5_anno/data/apw_eng_199802.xml.gz | python2.7 annogw2json.py justsent > /usr/users/9/brenocon/s/sem/gigaword_5_anno/data/apw_eng_199802.justsent
zcat /usr/users/9/brenocon/s/sem/gigaword_5_anno/data/apw_eng_199803.xml.gz | python2.7 annogw2json.py justsent > /usr/users/9/brenocon/s/sem/gigaword_5_anno/data/apw_eng_199803.justsent
zcat /usr/users/9/brenocon/s/sem/gigaword_5_anno/data/apw_eng_199804.xml.gz | python2.7 annogw2json.py justsent > /usr/users/9/brenocon/s/sem/gigaword_5_anno/data/apw_eng_199804.justsent
zcat /usr/users/9/brenocon/s/sem/gigaword_5_anno/data/apw_eng_199805.xml.gz | python2.7 annogw2json.py justsent > /usr/users/9/brenocon/s/sem/gigaword_5_anno/data/apw_eng_199805.justsent
zcat /usr/users/9/brenocon/s/sem/gigaword_5_anno/data/apw_eng_199806.xml.gz | python2.7 annogw2json.py justsent > /usr/users/9/brenocon/s/sem/gigaword_5_anno/data/apw_eng_199806.justsent
zcat /usr/users/9/brenocon/s/sem/gigaword_5_anno/data/apw_eng_199807.xml.gz | python2.7 annogw2json.py justsent > /usr/users/9/brenocon/s/sem/gigaword_5_anno/data/apw_eng_199807.justsent
zcat /usr/users/9/brenocon/s/sem/gigaword_5_anno/data/apw_eng_199808.xml.gz | python2.7 annogw2json.py justsent > /usr/users/9/brenocon/s/sem/gigaword_5_anno/data/apw_eng_199808.justsent
zcat /usr/users/9/brenocon/s/sem/gigaword_5_anno/data/apw_eng_199809.xml.gz | python2.7 annogw2json.py justsent > /usr/users/9/brenocon/s/sem/gigaword_5_anno/data/apw_eng_199809.justsent
zcat /usr/users/9/brenocon/s/sem/gigaword_5_anno/data/apw_eng_199810.xml.gz | python2.7 annogw2json.py justsent > /usr/users/9/brenocon/s/sem/gigaword_5_anno/data/apw_eng_199810.justsent
zcat /usr/users/9/brenocon/s/sem/gigaword_5_anno/data/apw_eng_199811.xml.gz | python2.7 annogw2json.py justsent > /usr/users/9/brenocon/s/sem/gigaword_5_anno/data/apw_eng_199811.justsent
zcat /usr/users/9/brenocon/s/sem/gigaword_5_anno/data/apw_eng_199812.xml.gz | python2.7 annogw2json.py justsent > /usr/users/9/brenocon/s/sem/gigaword_5_anno/data/apw_eng_199812.justsent
zcat /usr/users/9/brenocon/s/sem/gigaword_5_anno/data/apw_eng_199901.xml.gz | python2.7 annogw2json.py justsent > /usr/users/9/brenocon/s/sem/gigaword_5_anno/data/apw_eng_199901.justsent
zcat /usr/users/9/brenocon/s/sem/gigaword_5_anno/data/apw_eng_199902.xml.gz | python2.7 annogw2json.py justsent > /usr/users/9/brenocon/s/sem/gigaword_5_anno/data/apw_eng_199902.justsent
zcat /usr/users/9/brenocon/s/sem/gigaword_5_anno/data/apw_eng_199903.xml.gz | python2.7 annogw2json.py justsent > /usr/users/9/brenocon/s/sem/gigaword_5_anno/data/apw_eng_199903.justsent
zcat /usr/users/9/brenocon/s/sem/gigaword_5_anno/data/apw_eng_199904.xml.gz | python2.7 annogw2json.py justsent > /usr/users/9/brenocon/s/sem/gigaword_5_anno/data/apw_eng_199904.justsent
zcat /usr/users/9/brenocon/s/sem/gigaword_5_anno/data/apw_eng_199905.xml.gz | python2.7 annogw2json.py justsent > /usr/users/9/brenocon/s/sem/gigaword_5_anno/data/apw_eng_199905.justsent
zcat /usr/users/9/brenocon/s/sem/gigaword_5_anno/data/apw_eng_199906.xml.gz | python2.7 annogw2json.py justsent > /usr/users/9/brenocon/s/sem/gigaword_5_anno/data/apw_eng_199906.justsent
zcat /usr/users/9/brenocon/s/sem/gigaword_5_anno/data/apw_eng_199907.xml.gz | python2.7 annogw2json.py justsent > /usr/users/9/brenocon/s/sem/gigaword_5_anno/data/apw_eng_199907.justsent
zcat /usr/users/9/brenocon/s/sem/gigaword_5_anno/data/apw_eng_199908.xml.gz | python2.7 annogw2json.py justsent > /usr/users/9/brenocon/s/sem/gigaword_5_anno/data/apw_eng_199908.justsent
zcat /usr/users/9/brenocon/s/sem/gigaword_5_anno/data/apw_eng_199909.xml.gz | python2.7 annogw2json.py justsent > /usr/users/9/brenocon/s/sem/gigaword_5_anno/data/apw_eng_199909.justsent
zcat /usr/users/9/brenocon/s/sem/gigaword_5_anno/data/apw_eng_199910.xml.gz | python2.7 annogw2json.py justsent > /usr/users/9/brenocon/s/sem/gigaword_5_anno/data/apw_eng_199910.justsent
XML PARSE ERROR, str length 905, start:	'Tokens: The Rev. Sue Irwin was escorted by police into the 12th century St. John the Baptist church '
zcat /usr/users/9/brenocon/s/sem/gigaword_5_anno/data/apw_eng_199911.xml.gz | python2.7 annogw2json.py justsent > /usr/users/9/brenocon/s/sem/gigaword_5_anno/data/apw_eng_199911.justsent
zcat /usr/users/9/brenocon/s/sem/gigaword_5_anno/data/apw_eng_200001.xml.gz | python2.7 annogw2json.py justsent > /usr/users/9/brenocon/s/sem/gigaword_5_anno/data/apw_eng_200001.justsent
XML PARSE ERROR, str length 937495, start:	'Tokens: In Washington , President Clinton helped stow artifacts of 20th century America -- including'
XML PARSE ERROR, str length 994453, start:	'Tokens: In Washington , President Clinton helped stow artifacts of 20th century America -- including'
zcat /usr/users/9/brenocon/s/sem/gigaword_5_anno/data/apw_eng_200002.xml.gz | python2.7 annogw2json.py justsent > /usr/users/9/brenocon/s/sem/gigaword_5_anno/data/apw_eng_200002.justsent
zcat /usr/users/9/brenocon/s/sem/gigaword_5_anno/data/apw_eng_200003.xml.gz | python2.7 annogw2json.py justsent > /usr/users/9/brenocon/s/sem/gigaword_5_anno/data/apw_eng_200003.justsent
zcat /usr/users/9/brenocon/s/sem/gigaword_5_anno/data/apw_eng_200004.xml.gz | python2.7 annogw2json.py justsent > /usr/users/9/brenocon/s/sem/gigaword_5_anno/data/apw_eng_200004.justsent
zcat /usr/users/9/brenocon/s/sem/gigaword_5_anno/data/apw_eng_200005.xml.gz | python2.7 annogw2json.py justsent > /usr/users/9/brenocon/s/sem/gigaword_5_anno/data/apw_eng_200005.justsent
zcat /usr/users/9/brenocon/s/sem/gigaword_5_anno/data/apw_eng_200006.xml.gz | python2.7 annogw2json.py justsent > /usr/users/9/brenocon/s/sem/gigaword_5_anno/data/apw_eng_200006.justsent
zcat /usr/users/9/brenocon/s/sem/gigaword_5_anno/data/apw_eng_200007.xml.gz | python2.7 annogw2json.py justsent > /usr/users/9/brenocon/s/sem/gigaword_5_anno/data/apw_eng_200007.justsent
zcat /usr/users/9/brenocon/s/sem/gigaword_5_anno/data/apw_eng_200008.xml.gz | python2.7 annogw2json.py justsent > /usr/users/9/brenocon/s/sem/gigaword_5_anno/data/apw_eng_200008.justsent
zcat /usr/users/9/brenocon/s/sem/gigaword_5_anno/data/apw_eng_200009.xml.gz | python2.7 annogw2json.py justsent > /usr/users/9/brenocon/s/sem/gigaword_5_anno/data/apw_eng_200009.justsent
zcat /usr/users/9/brenocon/s/sem/gigaword_5_anno/data/apw_eng_200010.xml.gz | python2.7 annogw2json.py justsent > /usr/users/9/brenocon/s/sem/gigaword_5_anno/data/apw_eng_200010.justsent
zcat /usr/users/9/brenocon/s/sem/gigaword_5_anno/data/apw_eng_200011.xml.gz | python2.7 annogw2json.py justsent > /usr/users/9/brenocon/s/sem/gigaword_5_anno/data/apw_eng_200011.justsent
zcat /usr/users/9/brenocon/s/sem/gigaword_5_anno/data/apw_eng_200012.xml.gz | python2.7 annogw2json.py justsent > /usr/users/9/brenocon/s/sem/gigaword_5_anno/data/apw_eng_200012.justsent
zcat /usr/users/9/brenocon/s/sem/gigaword_5_anno/data/apw_eng_200101.xml.gz | python2.7 annogw2json.py justsent > /usr/users/9/brenocon/s/sem/gigaword_5_anno/data/apw_eng_200101.justsent
zcat /usr/users/9/brenocon/s/sem/gigaword_5_anno/data/apw_eng_200102.xml.gz | python2.7 annogw2json.py justsent > /usr/users/9/brenocon/s/sem/gigaword_5_anno/data/apw_eng_200102.justsent
zcat /usr/users/9/brenocon/s/sem/gigaword_5_anno/data/apw_eng_200103.xml.gz | python2.7 annogw2json.py justsent > /usr/users/9/brenocon/s/sem/gigaword_5_anno/data/apw_eng_200103.justsent
zcat /usr/users/9/brenocon/s/sem/gigaword_5_anno/data/apw_eng_200104.xml.gz | python2.7 annogw2json.py justsent > /usr/users/9/brenocon/s/sem/gigaword_5_anno/data/apw_eng_200104.justsent
zcat /usr/users/9/brenocon/s/sem/gigaword_5_anno/data/apw_eng_200105.xml.gz | python2.7 annogw2json.py justsent > /usr/users/9/brenocon/s/sem/gigaword_5_anno/data/apw_eng_200105.justsent
zcat /usr/users/9/brenocon/s/sem/gigaword_5_anno/data/apw_eng_200106.xml.gz | python2.7 annogw2json.py justsent > /usr/users/9/brenocon/s/sem/gigaword_5_anno/data/apw_eng_200106.justsent
zcat /usr/users/9/brenocon/s/sem/gigaword_5_anno/data/apw_eng_200107.xml.gz | python2.7 annogw2json.py justsent > /usr/users/9/brenocon/s/sem/gigaword_5_anno/data/apw_eng_200107.justsent
zcat /usr/users/9/brenocon/s/sem/gigaword_5_anno/data/apw_eng_200108.xml.gz | python2.7 annogw2json.py justsent > /usr/users/9/brenocon/s/sem/gigaword_5_anno/data/apw_eng_200108.justsent
zcat /usr/users/9/brenocon/s/sem/gigaword_5_anno/data/apw_eng_200109.xml.gz | python2.7 annogw2json.py justsent > /usr/users/9/brenocon/s/sem/gigaword_5_anno/data/apw_eng_200109.justsent
zcat /usr/users/9/brenocon/s/sem/gigaword_5_anno/data/apw_eng_200110.xml.gz | python2.7 annogw2json.py justsent > /usr/users/9/brenocon/s/sem/gigaword_5_anno/data/apw_eng_200110.justsent
zcat /usr/users/9/brenocon/s/sem/gigaword_5_anno/data/apw_eng_200111.xml.gz | python2.7 annogw2json.py justsent > /usr/users/9/brenocon/s/sem/gigaword_5_anno/data/apw_eng_200111.justsent
zcat /usr/users/9/brenocon/s/sem/gigaword_5_anno/data/apw_eng_200112.xml.gz | python2.7 annogw2json.py justsent > /usr/users/9/brenocon/s/sem/gigaword_5_anno/data/apw_eng_200112.justsent
zcat /usr/users/9/brenocon/s/sem/gigaword_5_anno/data/apw_eng_200201.xml.gz | python2.7 annogw2json.py justsent > /usr/users/9/brenocon/s/sem/gigaword_5_anno/data/apw_eng_200201.justsent
zcat /usr/users/9/brenocon/s/sem/gigaword_5_anno/data/apw_eng_200202.xml.gz | python2.7 annogw2json.py justsent > /usr/users/9/brenocon/s/sem/gigaword_5_anno/data/apw_eng_200202.justsent
zcat /usr/users/9/brenocon/s/sem/gigaword_5_anno/data/apw_eng_200203.xml.gz | python2.7 annogw2json.py justsent > /usr/users/9/brenocon/s/sem/gigaword_5_anno/data/apw_eng_200203.justsent
zcat /usr/users/9/brenocon/s/sem/gigaword_5_anno/data/apw_eng_200204.xml.gz | python2.7 annogw2json.py justsent > /usr/users/9/brenocon/s/sem/gigaword_5_anno/data/apw_eng_200204.justsent
zcat /usr/users/9/brenocon/s/sem/gigaword_5_anno/data/apw_eng_200205.xml.gz | python2.7 annogw2json.py justsent > /usr/users/9/brenocon/s/sem/gigaword_5_anno/data/apw_eng_200205.justsent
zcat /usr/users/9/brenocon/s/sem/gigaword_5_anno/data/apw_eng_200206.xml.gz | python2.7 annogw2json.py justsent > /usr/users/9/brenocon/s/sem/gigaword_5_anno/data/apw_eng_200206.justsent
zcat /usr/users/9/brenocon/s/sem/gigaword_5_anno/data/apw_eng_200207.xml.gz | python2.7 annogw2json.py justsent > /usr/users/9/brenocon/s/sem/gigaword_5_anno/data/apw_eng_200207.justsent
zcat /usr/users/9/brenocon/s/sem/gigaword_5_anno/data/apw_eng_200208.xml.gz | python2.7 annogw2json.py justsent > /usr/users/9/brenocon/s/sem/gigaword_5_anno/data/apw_eng_200208.justsent
zcat /usr/users/9/brenocon/s/sem/gigaword_5_anno/data/apw_eng_200209.xml.gz | python2.7 annogw2json.py justsent > /usr/users/9/brenocon/s/sem/gigaword_5_anno/data/apw_eng_200209.justsent
zcat /usr/users/9/brenocon/s/sem/gigaword_5_anno/data/apw_eng_200210.xml.gz | python2.7 annogw2json.py justsent > /usr/users/9/brenocon/s/sem/gigaword_5_anno/data/apw_eng_200210.justsent
zcat /usr/users/9/brenocon/s/sem/gigaword_5_anno/data/apw_eng_200211.xml.gz | python2.7 annogw2json.py justsent > /usr/users/9/brenocon/s/sem/gigaword_5_anno/data/apw_eng_200211.justsent
zcat /usr/users/9/brenocon/s/sem/gigaword_5_anno/data/apw_eng_200212.xml.gz | python2.7 annogw2json.py justsent > /usr/users/9/brenocon/s/sem/gigaword_5_anno/data/apw_eng_200212.justsent
zcat /usr/users/9/brenocon/s/sem/gigaword_5_anno/data/apw_eng_200301.xml.gz | python2.7 annogw2json.py justsent > /usr/users/9/brenocon/s/sem/gigaword_5_anno/data/apw_eng_200301.justsent
zcat /usr/users/9/brenocon/s/sem/gigaword_5_anno/data/apw_eng_200302.xml.gz | python2.7 annogw2json.py justsent > /usr/users/9/brenocon/s/sem/gigaword_5_anno/data/apw_eng_200302.justsent
zcat /usr/users/9/brenocon/s/sem/gigaword_5_anno/data/apw_eng_200303.xml.gz | python2.7 annogw2json.py justsent > /usr/users/9/brenocon/s/sem/gigaword_5_anno/data/apw_eng_200303.justsent
XML PARSE ERROR, str length 202597, start:	'Tokens: The first documented evidence of a Jewish community in Djerba dates from the 10th century A.'
XML PARSE ERROR, str length 233107, start:	'Tokens: The first documented evidence of a Jewish community in Djerba dates from the 10th century A.'
XML PARSE ERROR, str length 290859, start:	'Tokens: The first documented evidence of a Jewish community in Djerba dates from the 10th century A.'
XML PARSE ERROR, str length 318217, start:	'Tokens: The first documented evidence of a Jewish community in Djerba dates from the 10th century A.'
XML PARSE ERROR, str length 332986, start:	'Tokens: The first documented evidence of a Jewish community in Djerba dates from the 10th century A.'
XML PARSE ERROR, str length 357923, start:	'Tokens: The first documented evidence of a Jewish community in Djerba dates from the 10th century A.'
XML PARSE ERROR, str length 421007, start:	'Tokens: The first documented evidence of a Jewish community in Djerba dates from the 10th century A.'
XML PARSE ERROR, str length 462178, start:	'Tokens: The first documented evidence of a Jewish community in Djerba dates from the 10th century A.'
XML PARSE ERROR, str length 462420, start:	'Tokens: The first documented evidence of a Jewish community in Djerba dates from the 10th century A.'
XML PARSE ERROR, str length 448895, start:	'Tokens: The first documented evidence of a Jewish community in Djerba dates from the 10th century A.'
XML PARSE ERROR, str length 493258, start:	'Tokens: The first documented evidence of a Jewish community in Djerba dates from the 10th century A.'
XML PARSE ERROR, str length 441597, start:	'Tokens: The first documented evidence of a Jewish community in Djerba dates from the 10th century A.'
XML PARSE ERROR, str length 441703, start:	'Tokens: The first documented evidence of a Jewish community in Djerba dates from the 10th century A.'
zcat /usr/users/9/brenocon/s/sem/gigaword_5_anno/data/apw_eng_200304.xml.gz | python2.7 annogw2json.py justsent > /usr/users/9/brenocon/s/sem/gigaword_5_anno/data/apw_eng_200304.justsent
zcat /usr/users/9/brenocon/s/sem/gigaword_5_anno/data/apw_eng_200305.xml.gz | python2.7 annogw2json.py justsent > /usr/users/9/brenocon/s/sem/gigaword_5_anno/data/apw_eng_200305.justsent
zcat /usr/users/9/brenocon/s/sem/gigaword_5_anno/data/apw_eng_200306.xml.gz | python2.7 annogw2json.py justsent > /usr/users/9/brenocon/s/sem/gigaword_5_anno/data/apw_eng_200306.justsent
zcat /usr/users/9/brenocon/s/sem/gigaword_5_anno/data/apw_eng_200307.xml.gz | python2.7 annogw2json.py justsent > /usr/users/9/brenocon/s/sem/gigaword_5_anno/data/apw_eng_200307.justsent
zcat /usr/users/9/brenocon/s/sem/gigaword_5_anno/data/apw_eng_200308.xml.gz | python2.7 annogw2json.py justsent > /usr/users/9/brenocon/s/sem/gigaword_5_anno/data/apw_eng_200308.justsent
zcat /usr/users/9/brenocon/s/sem/gigaword_5_anno/data/apw_eng_200309.xml.gz | python2.7 annogw2json.py justsent > /usr/users/9/brenocon/s/sem/gigaword_5_anno/data/apw_eng_200309.justsent
zcat /usr/users/9/brenocon/s/sem/gigaword_5_anno/data/apw_eng_200310.xml.gz | python2.7 annogw2json.py justsent > /usr/users/9/brenocon/s/sem/gigaword_5_anno/data/apw_eng_200310.justsent
zcat /usr/users/9/brenocon/s/sem/gigaword_5_anno/data/apw_eng_200311.xml.gz | python2.7 annogw2json.py justsent > /usr/users/9/brenocon/s/sem/gigaword_5_anno/data/apw_eng_200311.justsent
zcat /usr/users/9/brenocon/s/sem/gigaword_5_anno/data/apw_eng_200312.xml.gz | python2.7 annogw2json.py justsent > /usr/users/9/brenocon/s/sem/gigaword_5_anno/data/apw_eng_200312.justsent
zcat /usr/users/9/brenocon/s/sem/gigaword_5_anno/data/apw_eng_200401.xml.gz | python2.7 annogw2json.py justsent > /usr/users/9/brenocon/s/sem/gigaword_5_anno/data/apw_eng_200401.justsent
zcat /usr/users/9/brenocon/s/sem/gigaword_5_anno/data/apw_eng_200402.xml.gz | python2.7 annogw2json.py justsent > /usr/users/9/brenocon/s/sem/gigaword_5_anno/data/apw_eng_200402.justsent
zcat /usr/users/9/brenocon/s/sem/gigaword_5_anno/data/apw_eng_200403.xml.gz | python2.7 annogw2json.py justsent > /usr/users/9/brenocon/s/sem/gigaword_5_anno/data/apw_eng_200403.justsent
zcat /usr/users/9/brenocon/s/sem/gigaword_5_anno/data/apw_eng_200404.xml.gz | python2.7 annogw2json.py justsent > /usr/users/9/brenocon/s/sem/gigaword_5_anno/data/apw_eng_200404.justsent
zcat /usr/users/9/brenocon/s/sem/gigaword_5_anno/data/apw_eng_200405.xml.gz | python2.7 annogw2json.py justsent > /usr/users/9/brenocon/s/sem/gigaword_5_anno/data/apw_eng_200405.justsent
zcat /usr/users/9/brenocon/s/sem/gigaword_5_anno/data/apw_eng_200406.xml.gz | python2.7 annogw2json.py justsent > /usr/users/9/brenocon/s/sem/gigaword_5_anno/data/apw_eng_200406.justsent
zcat /usr/users/9/brenocon/s/sem/gigaword_5_anno/data/apw_eng_200407.xml.gz | python2.7 annogw2json.py justsent > /usr/users/9/brenocon/s/sem/gigaword_5_anno/data/apw_eng_200407.justsent
zcat /usr/users/9/brenocon/s/sem/gigaword_5_anno/data/apw_eng_200408.xml.gz | python2.7 annogw2json.py justsent > /usr/users/9/brenocon/s/sem/gigaword_5_anno/data/apw_eng_200408.justsent
zcat /usr/users/9/brenocon/s/sem/gigaword_5_anno/data/apw_eng_200409.xml.gz | python2.7 annogw2json.py justsent > /usr/users/9/brenocon/s/sem/gigaword_5_anno/data/apw_eng_200409.justsent
zcat /usr/users/9/brenocon/s/sem/gigaword_5_anno/data/apw_eng_200410.xml.gz | python2.7 annogw2json.py justsent > /usr/users/9/brenocon/s/sem/gigaword_5_anno/data/apw_eng_200410.justsent
zcat /usr/users/9/brenocon/s/sem/gigaword_5_anno/data/apw_eng_200411.xml.gz | python2.7 annogw2json.py justsent > /usr/users/9/brenocon/s/sem/gigaword_5_anno/data/apw_eng_200411.justsent
zcat /usr/users/9/brenocon/s/sem/gigaword_5_anno/data/apw_eng_200412.xml.gz | python2.7 annogw2json.py justsent > /usr/users/9/brenocon/s/sem/gigaword_5_anno/data/apw_eng_200412.justsent
zcat /usr/users/9/brenocon/s/sem/gigaword_5_anno/data/apw_eng_200501.xml.gz | python2.7 annogw2json.py justsent > /usr/users/9/brenocon/s/sem/gigaword_5_anno/data/apw_eng_200501.justsent
zcat /usr/users/9/brenocon/s/sem/gigaword_5_anno/data/apw_eng_200502.xml.gz | python2.7 annogw2json.py justsent > /usr/users/9/brenocon/s/sem/gigaword_5_anno/data/apw_eng_200502.justsent
zcat /usr/users/9/brenocon/s/sem/gigaword_5_anno/data/apw_eng_200503.xml.gz | python2.7 annogw2json.py justsent > /usr/users/9/brenocon/s/sem/gigaword_5_anno/data/apw_eng_200503.justsent
zcat /usr/users/9/brenocon/s/sem/gigaword_5_anno/data/apw_eng_200504.xml.gz | python2.7 annogw2json.py justsent > /usr/users/9/brenocon/s/sem/gigaword_5_anno/data/apw_eng_200504.justsent
zcat /usr/users/9/brenocon/s/sem/gigaword_5_anno/data/apw_eng_200505.xml.gz | python2.7 annogw2json.py justsent > /usr/users/9/brenocon/s/sem/gigaword_5_anno/data/apw_eng_200505.justsent
zcat /usr/users/9/brenocon/s/sem/gigaword_5_anno/data/apw_eng_200506.xml.gz | python2.7 annogw2json.py justsent > /usr/users/9/brenocon/s/sem/gigaword_5_anno/data/apw_eng_200506.justsent
zcat /usr/users/9/brenocon/s/sem/gigaword_5_anno/data/apw_eng_200507.xml.gz | python2.7 annogw2json.py justsent > /usr/users/9/brenocon/s/sem/gigaword_5_anno/data/apw_eng_200507.justsent
zcat /usr/users/9/brenocon/s/sem/gigaword_5_anno/data/apw_eng_200508.xml.gz | python2.7 annogw2json.py justsent > /usr/users/9/brenocon/s/sem/gigaword_5_anno/data/apw_eng_200508.justsent
zcat /usr/users/9/brenocon/s/sem/gigaword_5_anno/data/apw_eng_200509.xml.gz | python2.7 annogw2json.py justsent > /usr/users/9/brenocon/s/sem/gigaword_5_anno/data/apw_eng_200509.justsent
zcat /usr/users/9/brenocon/s/sem/gigaword_5_anno/data/apw_eng_200510.xml.gz | python2.7 annogw2json.py justsent > /usr/users/9/brenocon/s/sem/gigaword_5_anno/data/apw_eng_200510.justsent
zcat /usr/users/9/brenocon/s/sem/gigaword_5_anno/data/apw_eng_200511.xml.gz | python2.7 annogw2json.py justsent > /usr/users/9/brenocon/s/sem/gigaword_5_anno/data/apw_eng_200511.justsent
zcat /usr/users/9/brenocon/s/sem/gigaword_5_anno/data/apw_eng_200512.xml.gz | python2.7 annogw2json.py justsent > /usr/users/9/brenocon/s/sem/gigaword_5_anno/data/apw_eng_200512.justsent
zcat /usr/users/9/brenocon/s/sem/gigaword_5_anno/data/apw_eng_200601.xml.gz | python2.7 annogw2json.py justsent > /usr/users/9/brenocon/s/sem/gigaword_5_anno/data/apw_eng_200601.justsent
XML PARSE ERROR, str length 244064, start:	'Tokens: Italian Interior Minister Giuseppe Pisanu hosted the Florence meeting at a 19th century vill'
zcat /usr/users/9/brenocon/s/sem/gigaword_5_anno/data/apw_eng_200602.xml.gz | python2.7 annogw2json.py justsent > /usr/users/9/brenocon/s/sem/gigaword_5_anno/data/apw_eng_200602.justsent
zcat /usr/users/9/brenocon/s/sem/gigaword_5_anno/data/apw_eng_200603.xml.gz | python2.7 annogw2json.py justsent > /usr/users/9/brenocon/s/sem/gigaword_5_anno/data/apw_eng_200603.justsent
zcat /usr/users/9/brenocon/s/sem/gigaword_5_anno/data/apw_eng_200604.xml.gz | python2.7 annogw2json.py justsent > /usr/users/9/brenocon/s/sem/gigaword_5_anno/data/apw_eng_200604.justsent
zcat /usr/users/9/brenocon/s/sem/gigaword_5_anno/data/apw_eng_200605.xml.gz | python2.7 annogw2json.py justsent > /usr/users/9/brenocon/s/sem/gigaword_5_anno/data/apw_eng_200605.justsent
zcat /usr/users/9/brenocon/s/sem/gigaword_5_anno/data/apw_eng_200606.xml.gz | python2.7 annogw2json.py justsent > /usr/users/9/brenocon/s/sem/gigaword_5_anno/data/apw_eng_200606.justsent
zcat /usr/users/9/brenocon/s/sem/gigaword_5_anno/data/apw_eng_200607.xml.gz | python2.7 annogw2json.py justsent > /usr/users/9/brenocon/s/sem/gigaword_5_anno/data/apw_eng_200607.justsent
zcat /usr/users/9/brenocon/s/sem/gigaword_5_anno/data/apw_eng_200608.xml.gz | python2.7 annogw2json.py justsent > /usr/users/9/brenocon/s/sem/gigaword_5_anno/data/apw_eng_200608.justsent
zcat /usr/users/9/brenocon/s/sem/gigaword_5_anno/data/apw_eng_200609.xml.gz | python2.7 annogw2json.py justsent > /usr/users/9/brenocon/s/sem/gigaword_5_anno/data/apw_eng_200609.justsent
zcat /usr/users/9/brenocon/s/sem/gigaword_5_anno/data/apw_eng_200610.xml.gz | python2.7 annogw2json.py justsent > /usr/users/9/brenocon/s/sem/gigaword_5_anno/data/apw_eng_200610.justsent
zcat /usr/users/9/brenocon/s/sem/gigaword_5_anno/data/apw_eng_200611.xml.gz | python2.7 annogw2json.py justsent > /usr/users/9/brenocon/s/sem/gigaword_5_anno/data/apw_eng_200611.justsent
zcat /usr/users/9/brenocon/s/sem/gigaword_5_anno/data/apw_eng_200612.xml.gz | python2.7 annogw2json.py justsent > /usr/users/9/brenocon/s/sem/gigaword_5_anno/data/apw_eng_200612.justsent
zcat /usr/users/9/brenocon/s/sem/gigaword_5_anno/data/apw_eng_200701.xml.gz | python2.7 annogw2json.py justsent > /usr/users/9/brenocon/s/sem/gigaword_5_anno/data/apw_eng_200701.justsent
zcat /usr/users/9/brenocon/s/sem/gigaword_5_anno/data/apw_eng_200702.xml.gz | python2.7 annogw2json.py justsent > /usr/users/9/brenocon/s/sem/gigaword_5_anno/data/apw_eng_200702.justsent
zcat /usr/users/9/brenocon/s/sem/gigaword_5_anno/data/apw_eng_200703.xml.gz | python2.7 annogw2json.py justsent > /usr/users/9/brenocon/s/sem/gigaword_5_anno/data/apw_eng_200703.justsent
zcat /usr/users/9/brenocon/s/sem/gigaword_5_anno/data/apw_eng_200704.xml.gz | python2.7 annogw2json.py justsent > /usr/users/9/brenocon/s/sem/gigaword_5_anno/data/apw_eng_200704.justsent
zcat /usr/users/9/brenocon/s/sem/gigaword_5_anno/data/apw_eng_200705.xml.gz | python2.7 annogw2json.py justsent > /usr/users/9/brenocon/s/sem/gigaword_5_anno/data/apw_eng_200705.justsent
XML PARSE ERROR, str length 342115, start:	'Tokens: Vianney was the 19th century Cur\xc3\x83\xc2\xa9 -LRB- curate , or pastor -RRB- of the village of Ars in'
zcat /usr/users/9/brenocon/s/sem/gigaword_5_anno/data/apw_eng_200706.xml.gz | python2.7 annogw2json.py justsent > /usr/users/9/brenocon/s/sem/gigaword_5_anno/data/apw_eng_200706.justsent
zcat /usr/users/9/brenocon/s/sem/gigaword_5_anno/data/apw_eng_200707.xml.gz | python2.7 annogw2json.py justsent > /usr/users/9/brenocon/s/sem/gigaword_5_anno/data/apw_eng_200707.justsent
zcat /usr/users/9/brenocon/s/sem/gigaword_5_anno/data/apw_eng_200708.xml.gz | python2.7 annogw2json.py justsent > /usr/users/9/brenocon/s/sem/gigaword_5_anno/data/apw_eng_200708.justsent
zcat /usr/users/9/brenocon/s/sem/gigaword_5_anno/data/apw_eng_200709.xml.gz | python2.7 annogw2json.py justsent > /usr/users/9/brenocon/s/sem/gigaword_5_anno/data/apw_eng_200709.justsent
zcat /usr/users/9/brenocon/s/sem/gigaword_5_anno/data/apw_eng_200710.xml.gz | python2.7 annogw2json.py justsent > /usr/users/9/brenocon/s/sem/gigaword_5_anno/data/apw_eng_200710.justsent
zcat /usr/users/9/brenocon/s/sem/gigaword_5_anno/data/apw_eng_200711.xml.gz | python2.7 annogw2json.py justsent > /usr/users/9/brenocon/s/sem/gigaword_5_anno/data/apw_eng_200711.justsent
zcat /usr/users/9/brenocon/s/sem/gigaword_5_anno/data/apw_eng_200712.xml.gz | python2.7 annogw2json.py justsent > /usr/users/9/brenocon/s/sem/gigaword_5_anno/data/apw_eng_200712.justsent
zcat /usr/users/9/brenocon/s/sem/gigaword_5_anno/data/apw_eng_200801.xml.gz | python2.7 annogw2json.py justsent > /usr/users/9/brenocon/s/sem/gigaword_5_anno/data/apw_eng_200801.justsent
zcat /usr/users/9/brenocon/s/sem/gigaword_5_anno/data/apw_eng_200802.xml.gz | python2.7 annogw2json.py justsent > /usr/users/9/brenocon/s/sem/gigaword_5_anno/data/apw_eng_200802.justsent
zcat /usr/users/9/brenocon/s/sem/gigaword_5_anno/data/apw_eng_200803.xml.gz | python2.7 annogw2json.py justsent > /usr/users/9/brenocon/s/sem/gigaword_5_anno/data/apw_eng_200803.justsent
zcat /usr/users/9/brenocon/s/sem/gigaword_5_anno/data/apw_eng_200804.xml.gz | python2.7 annogw2json.py justsent > /usr/users/9/brenocon/s/sem/gigaword_5_anno/data/apw_eng_200804.justsent
zcat /usr/users/9/brenocon/s/sem/gigaword_5_anno/data/apw_eng_200805.xml.gz | python2.7 annogw2json.py justsent > /usr/users/9/brenocon/s/sem/gigaword_5_anno/data/apw_eng_200805.justsent
zcat /usr/users/9/brenocon/s/sem/gigaword_5_anno/data/apw_eng_200806.xml.gz | python2.7 annogw2json.py justsent > /usr/users/9/brenocon/s/sem/gigaword_5_anno/data/apw_eng_200806.justsent
zcat /usr/users/9/brenocon/s/sem/gigaword_5_anno/data/apw_eng_200807.xml.gz | python2.7 annogw2json.py justsent > /usr/users/9/brenocon/s/sem/gigaword_5_anno/data/apw_eng_200807.justsent
zcat /usr/users/9/brenocon/s/sem/gigaword_5_anno/data/apw_eng_200808.xml.gz | python2.7 annogw2json.py justsent > /usr/users/9/brenocon/s/sem/gigaword_5_anno/data/apw_eng_200808.justsent
zcat /usr/users/9/brenocon/s/sem/gigaword_5_anno/data/apw_eng_200809.xml.gz | python2.7 annogw2json.py justsent > /usr/users/9/brenocon/s/sem/gigaword_5_anno/data/apw_eng_200809.justsent
zcat /usr/users/9/brenocon/s/sem/gigaword_5_anno/data/apw_eng_200810.xml.gz | python2.7 annogw2json.py justsent > /usr/users/9/brenocon/s/sem/gigaword_5_anno/data/apw_eng_200810.justsent
zcat /usr/users/9/brenocon/s/sem/gigaword_5_anno/data/apw_eng_200811.xml.gz | python2.7 annogw2json.py justsent > /usr/users/9/brenocon/s/sem/gigaword_5_anno/data/apw_eng_200811.justsent
zcat /usr/users/9/brenocon/s/sem/gigaword_5_anno/data/apw_eng_200812.xml.gz | python2.7 annogw2json.py justsent > /usr/users/9/brenocon/s/sem/gigaword_5_anno/data/apw_eng_200812.justsent
zcat /usr/users/9/brenocon/s/sem/gigaword_5_anno/data/apw_eng_200901.xml.gz | python2.7 annogw2json.py justsent > /usr/users/9/brenocon/s/sem/gigaword_5_anno/data/apw_eng_200901.justsent
zcat /usr/users/9/brenocon/s/sem/gigaword_5_anno/data/apw_eng_200902.xml.gz | python2.7 annogw2json.py justsent > /usr/users/9/brenocon/s/sem/gigaword_5_anno/data/apw_eng_200902.justsent
zcat /usr/users/9/brenocon/s/sem/gigaword_5_anno/data/apw_eng_200903.xml.gz | python2.7 annogw2json.py justsent > /usr/users/9/brenocon/s/sem/gigaword_5_anno/data/apw_eng_200903.justsent
zcat /usr/users/9/brenocon/s/sem/gigaword_5_anno/data/apw_eng_200904.xml.gz | python2.7 annogw2json.py justsent > /usr/users/9/brenocon/s/sem/gigaword_5_anno/data/apw_eng_200904.justsent
zcat /usr/users/9/brenocon/s/sem/gigaword_5_anno/data/apw_eng_200905.xml.gz | python2.7 annogw2json.py justsent > /usr/users/9/brenocon/s/sem/gigaword_5_anno/data/apw_eng_200905.justsent
zcat /usr/users/9/brenocon/s/sem/gigaword_5_anno/data/apw_eng_200906.xml.gz | python2.7 annogw2json.py justsent > /usr/users/9/brenocon/s/sem/gigaword_5_anno/data/apw_eng_200906.justsent
XML PARSE ERROR, str length 206197, start:	"Tokens: The local box office success `` Alatriste , '' by Agustin Diaz-Yanes , the story of a heroic"
XML PARSE ERROR, str length 293298, start:	"Tokens: The local box office success `` Alatriste , '' by Agustin Diaz-Yanes , the story of a heroic"
zcat /usr/users/9/brenocon/s/sem/gigaword_5_anno/data/apw_eng_200907.xml.gz | python2.7 annogw2json.py justsent > /usr/users/9/brenocon/s/sem/gigaword_5_anno/data/apw_eng_200907.justsent
zcat /usr/users/9/brenocon/s/sem/gigaword_5_anno/data/apw_eng_200908.xml.gz | python2.7 annogw2json.py justsent > /usr/users/9/brenocon/s/sem/gigaword_5_anno/data/apw_eng_200908.justsent
zcat /usr/users/9/brenocon/s/sem/gigaword_5_anno/data/apw_eng_200909.xml.gz | python2.7 annogw2json.py justsent > /usr/users/9/brenocon/s/sem/gigaword_5_anno/data/apw_eng_200909.justsent
zcat /usr/users/9/brenocon/s/sem/gigaword_5_anno/data/apw_eng_200910.xml.gz | python2.7 annogw2json.py justsent > /usr/users/9/brenocon/s/sem/gigaword_5_anno/data/apw_eng_200910.justsent
zcat /usr/users/9/brenocon/s/sem/gigaword_5_anno/data/apw_eng_200911.xml.gz | python2.7 annogw2json.py justsent > /usr/users/9/brenocon/s/sem/gigaword_5_anno/data/apw_eng_200911.justsent
zcat /usr/users/9/brenocon/s/sem/gigaword_5_anno/data/apw_eng_200912.xml.gz | python2.7 annogw2json.py justsent > /usr/users/9/brenocon/s/sem/gigaword_5_anno/data/apw_eng_200912.justsent
zcat /usr/users/9/brenocon/s/sem/gigaword_5_anno/data/apw_eng_201001.xml.gz | python2.7 annogw2json.py justsent > /usr/users/9/brenocon/s/sem/gigaword_5_anno/data/apw_eng_201001.justsent
zcat /usr/users/9/brenocon/s/sem/gigaword_5_anno/data/apw_eng_201002.xml.gz | python2.7 annogw2json.py justsent > /usr/users/9/brenocon/s/sem/gigaword_5_anno/data/apw_eng_201002.justsent
zcat /usr/users/9/brenocon/s/sem/gigaword_5_anno/data/apw_eng_201003.xml.gz | python2.7 annogw2json.py justsent > /usr/users/9/brenocon/s/sem/gigaword_5_anno/data/apw_eng_201003.justsent
zcat /usr/users/9/brenocon/s/sem/gigaword_5_anno/data/apw_eng_201004.xml.gz | python2.7 annogw2json.py justsent > /usr/users/9/brenocon/s/sem/gigaword_5_anno/data/apw_eng_201004.justsent
zcat /usr/users/9/brenocon/s/sem/gigaword_5_anno/data/apw_eng_201005.xml.gz | python2.7 annogw2json.py justsent > /usr/users/9/brenocon/s/sem/gigaword_5_anno/data/apw_eng_201005.justsent
zcat /usr/users/9/brenocon/s/sem/gigaword_5_anno/data/apw_eng_201006.xml.gz | python2.7 annogw2json.py justsent > /usr/users/9/brenocon/s/sem/gigaword_5_anno/data/apw_eng_201006.justsent
zcat /usr/users/9/brenocon/s/sem/gigaword_5_anno/data/apw_eng_201007.xml.gz | python2.7 annogw2json.py justsent > /usr/users/9/brenocon/s/sem/gigaword_5_anno/data/apw_eng_201007.justsent
zcat /usr/users/9/brenocon/s/sem/gigaword_5_anno/data/apw_eng_201008.xml.gz | python2.7 annogw2json.py justsent > /usr/users/9/brenocon/s/sem/gigaword_5_anno/data/apw_eng_201008.justsent
zcat /usr/users/9/brenocon/s/sem/gigaword_5_anno/data/apw_eng_201009.xml.gz | python2.7 annogw2json.py justsent > /usr/users/9/brenocon/s/sem/gigaword_5_anno/data/apw_eng_201009.justsent
zcat /usr/users/9/brenocon/s/sem/gigaword_5_anno/data/apw_eng_201010.xml.gz | python2.7 annogw2json.py justsent > /usr/users/9/brenocon/s/sem/gigaword_5_anno/data/apw_eng_201010.justsent
zcat /usr/users/9/brenocon/s/sem/gigaword_5_anno/data/apw_eng_201011.xml.gz | python2.7 annogw2json.py justsent > /usr/users/9/brenocon/s/sem/gigaword_5_anno/data/apw_eng_201011.justsent
zcat /usr/users/9/brenocon/s/sem/gigaword_5_anno/data/apw_eng_201012.xml.gz | python2.7 annogw2json.py justsent > /usr/users/9/brenocon/s/sem/gigaword_5_anno/data/apw_eng_201012.justsent
XML PARSE ERROR, str length 424681, start:	'Tokens: Last April , the U.S. National Oceanic and Atmospheric Administration predicted that Arctic '
XML PARSE ERROR, str length 472177, start:	'Tokens: Last April , the U.S. National Oceanic and Atmospheric Administration predicted that Arctic '
